<?xml version="1.0" encoding="UTF-8"?>
<!-- Generated by org.testng.reporters.JUnitReportReporter -->
<testsuite hostname="LAPTOP-95NO9S2C" failures="0" tests="1" name="kdf.Application" time="32.443" errors="0" timestamp="2021-03-06T23:32:07 IST" skipped="0">
  <testcase classname="kdf.Application" name="verifyInvalidLogin" time="32.443"/>
  <system-out/>
</testsuite> <!-- kdf.Application -->
